<?xml version="1.0" encoding="UTF-8"?>
<!-- Generated by org.testng.reporters.JUnitReportReporter -->
<testsuite hostname="DESKTOP-8A46KLF" failures="0" tests="1" name="com.appium.practice.LaunchChromeBrowser" time="31.881" errors="0" timestamp="2021-03-09T15:28:48 IST" skipped="0">
  <testcase classname="com.appium.practice.LaunchChromeBrowser" name="launch" time="31.881"/>
</testsuite> <!-- com.appium.practice.LaunchChromeBrowser -->
