<?xml version="1.0" encoding="UTF-8"?>
<!-- Generated by org.testng.reporters.JUnitReportReporter -->
<testsuite hostname="DESKTOP-8A46KLF" failures="0" tests="1" name="com.appium.practice.LaunchTouchscreen" time="18.361" errors="0" timestamp="2021-03-05T10:34:46 IST" skipped="0">
  <testcase classname="com.appium.practice.LaunchTouchscreen" name="launch" time="18.361"/>
</testsuite> <!-- com.appium.practice.LaunchTouchscreen -->
